{"/home/michelle-kamau/Desktop/Phase5/Joblink/JOB-LINK/frontend/src/App.tsx": {"path":"/home/michelle-kamau/Desktop/Phase5/Joblink/JOB-LINK/frontend/src/App.tsx","statementMap":{"0":{"start":{"line":17,"column":2},"end":{"line":59,"column":null}}},"fnMap":{"0":{"name":"App","decl":{"start":{"line":16,"column":9},"end":{"line":16,"column":15}},"loc":{"start":{"line":16,"column":15},"end":{"line":61,"column":null}},"line":16}},"branchMap":{},"s":{"0":1},"f":{"0":1},"b":{},"meta":{"lastBranch":0,"lastFunction":1,"lastStatement":1,"seen":{"f:16:9:16:15":0,"s:17:2:59:Infinity":0}}}
,"/home/michelle-kamau/Desktop/Phase5/Joblink/JOB-LINK/frontend/src/components/BookingModal.tsx": {"path":"/home/michelle-kamau/Desktop/Phase5/Joblink/JOB-LINK/frontend/src/components/BookingModal.tsx","statementMap":{"0":{"start":{"line":18,"column":30},"end":{"line":22,"column":null}},"1":{"start":{"line":24,"column":23},"end":{"line":32,"column":null}},"2":{"start":{"line":25,"column":4},"end":{"line":25,"column":null}},"3":{"start":{"line":26,"column":4},"end":{"line":31,"column":null}},"4":{"start":{"line":27,"column":6},"end":{"line":30,"column":null}},"5":{"start":{"line":34,"column":22},"end":{"line":34,"column":null}},"6":{"start":{"line":36,"column":2},"end":{"line":98,"column":null}},"7":{"start":{"line":49,"column":29},"end":{"line":49,"column":null}},"8":{"start":{"line":59,"column":31},"end":{"line":59,"column":null}},"9":{"start":{"line":63,"column":16},"end":{"line":63,"column":null}},"10":{"start":{"line":74,"column":31},"end":{"line":74,"column":null}}},"fnMap":{"0":{"name":"BookingModal","decl":{"start":{"line":17,"column":24},"end":{"line":17,"column":37}},"loc":{"start":{"line":17,"column":97},"end":{"line":100,"column":null}},"line":17},"1":{"name":"(anonymous_1)","decl":{"start":{"line":24,"column":23},"end":{"line":24,"column":24}},"loc":{"start":{"line":24,"column":47},"end":{"line":32,"column":null}},"line":24},"2":{"name":"(anonymous_2)","decl":{"start":{"line":49,"column":22},"end":{"line":49,"column":23}},"loc":{"start":{"line":49,"column":29},"end":{"line":49,"column":null}},"line":49},"3":{"name":"(anonymous_3)","decl":{"start":{"line":59,"column":24},"end":{"line":59,"column":25}},"loc":{"start":{"line":59,"column":31},"end":{"line":59,"column":null}},"line":59},"4":{"name":"(anonymous_4)","decl":{"start":{"line":62,"column":37},"end":{"line":62,"column":null}},"loc":{"start":{"line":63,"column":16},"end":{"line":63,"column":null}},"line":63},"5":{"name":"(anonymous_5)","decl":{"start":{"line":74,"column":24},"end":{"line":74,"column":25}},"loc":{"start":{"line":74,"column":31},"end":{"line":74,"column":null}},"line":74}},"branchMap":{"0":{"loc":{"start":{"line":26,"column":4},"end":{"line":31,"column":null}},"type":"if","locations":[{"start":{"line":26,"column":4},"end":{"line":31,"column":null}},{"start":{},"end":{}}],"line":26},"1":{"loc":{"start":{"line":34,"column":22},"end":{"line":34,"column":null}},"type":"cond-expr","locations":[{"start":{"line":34,"column":33},"end":{"line":34,"column":82}},{"start":{"line":34,"column":82},"end":{"line":34,"column":null}}],"line":34},"2":{"loc":{"start":{"line":38,"column":7},"end":{"line":96,"column":null}},"type":"binary-expr","locations":[{"start":{"line":38,"column":7},"end":{"line":38,"column":null}},{"start":{"line":39,"column":8},"end":{"line":96,"column":null}}],"line":38},"3":{"loc":{"start":{"line":63,"column":60},"end":{"line":63,"column":80}},"type":"cond-expr","locations":[{"start":{"line":63,"column":71},"end":{"line":63,"column":77}},{"start":{"line":63,"column":77},"end":{"line":63,"column":80}}],"line":63}},"s":{"0":0,"1":0,"2":0,"3":0,"4":0,"5":0,"6":0,"7":0,"8":0,"9":0,"10":0},"f":{"0":0,"1":0,"2":0,"3":0,"4":0,"5":0},"b":{"0":[0,0],"1":[0,0],"2":[0,0],"3":[0,0]},"meta":{"lastBranch":4,"lastFunction":6,"lastStatement":11,"seen":{"f:17:24:17:37":0,"s:18:30:22:Infinity":0,"s:24:23:32:Infinity":1,"f:24:23:24:24":1,"s:25:4:25:Infinity":2,"b:26:4:31:Infinity:undefined:undefined:undefined:undefined":0,"s:26:4:31:Infinity":3,"s:27:6:30:Infinity":4,"s:34:22:34:Infinity":5,"b:34:33:34:82:34:82:34:Infinity":1,"s:36:2:98:Infinity":6,"b:38:7:38:Infinity:39:8:96:Infinity":2,"f:49:22:49:23":2,"s:49:29:49:Infinity":7,"f:59:24:59:25":3,"s:59:31:59:Infinity":8,"f:62:37:62:Infinity":4,"s:63:16:63:Infinity":9,"b:63:71:63:77:63:77:63:80":3,"f:74:24:74:25":5,"s:74:31:74:Infinity":10}}}
,"/home/michelle-kamau/Desktop/Phase5/Joblink/JOB-LINK/frontend/src/components/Button.tsx": {"path":"/home/michelle-kamau/Desktop/Phase5/Joblink/JOB-LINK/frontend/src/components/Button.tsx","statementMap":{"0":{"start":{"line":20,"column":22},"end":{"line":20,"column":null}},"1":{"start":{"line":22,"column":19},"end":{"line":25,"column":null}},"2":{"start":{"line":27,"column":16},"end":{"line":31,"column":null}},"3":{"start":{"line":33,"column":2},"end":{"line":41,"column":null}}},"fnMap":{"0":{"name":"Button","decl":{"start":{"line":11,"column":24},"end":{"line":11,"column":31}},"loc":{"start":{"line":19,"column":16},"end":{"line":43,"column":null}},"line":19}},"branchMap":{"0":{"loc":{"start":{"line":13,"column":2},"end":{"line":13,"column":null}},"type":"default-arg","locations":[{"start":{"line":13,"column":12},"end":{"line":13,"column":null}}],"line":13},"1":{"loc":{"start":{"line":14,"column":2},"end":{"line":14,"column":null}},"type":"default-arg","locations":[{"start":{"line":14,"column":9},"end":{"line":14,"column":null}}],"line":14},"2":{"loc":{"start":{"line":16,"column":2},"end":{"line":16,"column":null}},"type":"default-arg","locations":[{"start":{"line":16,"column":13},"end":{"line":16,"column":null}}],"line":16},"3":{"loc":{"start":{"line":17,"column":2},"end":{"line":17,"column":null}},"type":"default-arg","locations":[{"start":{"line":17,"column":9},"end":{"line":17,"column":null}}],"line":17},"4":{"loc":{"start":{"line":18,"column":2},"end":{"line":18,"column":null}},"type":"default-arg","locations":[{"start":{"line":18,"column":14},"end":{"line":18,"column":null}}],"line":18},"5":{"loc":{"start":{"line":38,"column":71},"end":{"line":38,"column":118}},"type":"cond-expr","locations":[{"start":{"line":38,"column":82},"end":{"line":38,"column":116}},{"start":{"line":38,"column":116},"end":{"line":38,"column":118}}],"line":38}},"s":{"0":0,"1":0,"2":0,"3":0},"f":{"0":0},"b":{"0":[0],"1":[0],"2":[0],"3":[0],"4":[0],"5":[0,0]},"meta":{"lastBranch":6,"lastFunction":1,"lastStatement":4,"seen":{"f:11:24:11:31":0,"b:13:12:13:Infinity":0,"b:14:9:14:Infinity":1,"b:16:13:16:Infinity":2,"b:17:9:17:Infinity":3,"b:18:14:18:Infinity":4,"s:20:22:20:Infinity":0,"s:22:19:25:Infinity":1,"s:27:16:31:Infinity":2,"s:33:2:41:Infinity":3,"b:38:82:38:116:38:116:38:118":5}}}
,"/home/michelle-kamau/Desktop/Phase5/Joblink/JOB-LINK/frontend/src/components/Hero.tsx": {"path":"/home/michelle-kamau/Desktop/Phase5/Joblink/JOB-LINK/frontend/src/components/Hero.tsx","statementMap":{"0":{"start":{"line":4,"column":2},"end":{"line":30,"column":null}}},"fnMap":{"0":{"name":"Hero","decl":{"start":{"line":3,"column":24},"end":{"line":3,"column":31}},"loc":{"start":{"line":3,"column":31},"end":{"line":32,"column":null}},"line":3}},"branchMap":{},"s":{"0":1},"f":{"0":1},"b":{},"meta":{"lastBranch":0,"lastFunction":1,"lastStatement":1,"seen":{"f:3:24:3:31":0,"s:4:2:30:Infinity":0}}}
,"/home/michelle-kamau/Desktop/Phase5/Joblink/JOB-LINK/frontend/src/components/Input.tsx": {"path":"/home/michelle-kamau/Desktop/Phase5/Joblink/JOB-LINK/frontend/src/components/Input.tsx","statementMap":{"0":{"start":{"line":20,"column":2},"end":{"line":37,"column":null}}},"fnMap":{"0":{"name":"Input","decl":{"start":{"line":11,"column":24},"end":{"line":11,"column":30}},"loc":{"start":{"line":19,"column":15},"end":{"line":39,"column":null}},"line":19}},"branchMap":{"0":{"loc":{"start":{"line":13,"column":2},"end":{"line":13,"column":null}},"type":"default-arg","locations":[{"start":{"line":13,"column":9},"end":{"line":13,"column":null}}],"line":13},"1":{"loc":{"start":{"line":17,"column":2},"end":{"line":17,"column":null}},"type":"default-arg","locations":[{"start":{"line":17,"column":13},"end":{"line":17,"column":null}}],"line":17},"2":{"loc":{"start":{"line":24,"column":9},"end":{"line":24,"column":null}},"type":"binary-expr","locations":[{"start":{"line":24,"column":9},"end":{"line":24,"column":21}},{"start":{"line":24,"column":21},"end":{"line":24,"column":null}}],"line":24},"3":{"loc":{"start":{"line":33,"column":10},"end":{"line":33,"column":null}},"type":"cond-expr","locations":[{"start":{"line":33,"column":18},"end":{"line":33,"column":37}},{"start":{"line":33,"column":37},"end":{"line":33,"column":null}}],"line":33},"4":{"loc":{"start":{"line":36,"column":7},"end":{"line":36,"column":null}},"type":"binary-expr","locations":[{"start":{"line":36,"column":7},"end":{"line":36,"column":16}},{"start":{"line":36,"column":16},"end":{"line":36,"column":null}}],"line":36}},"s":{"0":0},"f":{"0":0},"b":{"0":[0],"1":[0],"2":[0,0],"3":[0,0],"4":[0,0]},"meta":{"lastBranch":5,"lastFunction":1,"lastStatement":1,"seen":{"f:11:24:11:30":0,"b:13:9:13:Infinity":0,"b:17:13:17:Infinity":1,"s:20:2:37:Infinity":0,"b:24:9:24:21:24:21:24:Infinity":2,"b:33:18:33:37:33:37:33:Infinity":3,"b:36:7:36:16:36:16:36:Infinity":4}}}
,"/home/michelle-kamau/Desktop/Phase5/Joblink/JOB-LINK/frontend/src/components/Modal.tsx": {"path":"/home/michelle-kamau/Desktop/Phase5/Joblink/JOB-LINK/frontend/src/components/Modal.tsx","statementMap":{"0":{"start":{"line":9,"column":2},"end":{"line":9,"column":null}},"1":{"start":{"line":9,"column":15},"end":{"line":9,"column":null}},"2":{"start":{"line":11,"column":2},"end":{"line":32,"column":null}}},"fnMap":{"0":{"name":"Modal","decl":{"start":{"line":8,"column":24},"end":{"line":8,"column":30}},"loc":{"start":{"line":8,"column":80},"end":{"line":34,"column":null}},"line":8}},"branchMap":{"0":{"loc":{"start":{"line":9,"column":2},"end":{"line":9,"column":null}},"type":"if","locations":[{"start":{"line":9,"column":2},"end":{"line":9,"column":null}},{"start":{},"end":{}}],"line":9}},"s":{"0":0,"1":0,"2":0},"f":{"0":0},"b":{"0":[0,0]},"meta":{"lastBranch":1,"lastFunction":1,"lastStatement":3,"seen":{"f:8:24:8:30":0,"b:9:2:9:Infinity:undefined:undefined:undefined:undefined":0,"s:9:2:9:Infinity":0,"s:9:15:9:Infinity":1,"s:11:2:32:Infinity":2}}}
,"/home/michelle-kamau/Desktop/Phase5/Joblink/JOB-LINK/frontend/src/components/Navbar.tsx": {"path":"/home/michelle-kamau/Desktop/Phase5/Joblink/JOB-LINK/frontend/src/components/Navbar.tsx","statementMap":{"0":{"start":{"line":5,"column":23},"end":{"line":5,"column":null}},"1":{"start":{"line":7,"column":2},"end":{"line":64,"column":null}}},"fnMap":{"0":{"name":"Navbar","decl":{"start":{"line":4,"column":24},"end":{"line":4,"column":33}},"loc":{"start":{"line":4,"column":33},"end":{"line":66,"column":null}},"line":4}},"branchMap":{"0":{"loc":{"start":{"line":28,"column":13},"end":{"line":31,"column":null}},"type":"binary-expr","locations":[{"start":{"line":28,"column":13},"end":{"line":28,"column":null}},{"start":{"line":29,"column":14},"end":{"line":31,"column":null}}],"line":28},"1":{"loc":{"start":{"line":34,"column":13},"end":{"line":59,"column":null}},"type":"cond-expr","locations":[{"start":{"line":35,"column":14},"end":{"line":50,"column":null}},{"start":{"line":52,"column":14},"end":{"line":59,"column":null}}],"line":34},"2":{"loc":{"start":{"line":39,"column":17},"end":{"line":42,"column":null}},"type":"binary-expr","locations":[{"start":{"line":39,"column":17},"end":{"line":39,"column":null}},{"start":{"line":40,"column":18},"end":{"line":42,"column":null}}],"line":39}},"s":{"0":2,"1":2},"f":{"0":2},"b":{"0":[2,0],"1":[0,2],"2":[0,0]},"meta":{"lastBranch":3,"lastFunction":1,"lastStatement":2,"seen":{"f:4:24:4:33":0,"s:5:23:5:Infinity":0,"s:7:2:64:Infinity":1,"b:28:13:28:Infinity:29:14:31:Infinity":0,"b:35:14:50:Infinity:52:14:59:Infinity":1,"b:39:17:39:Infinity:40:18:42:Infinity":2}}}
,"/home/michelle-kamau/Desktop/Phase5/Joblink/JOB-LINK/frontend/src/components/ProtectedRoute.tsx": {"path":"/home/michelle-kamau/Desktop/Phase5/Joblink/JOB-LINK/frontend/src/components/ProtectedRoute.tsx","statementMap":{"0":{"start":{"line":10,"column":24},"end":{"line":10,"column":null}},"1":{"start":{"line":12,"column":2},"end":{"line":14,"column":null}},"2":{"start":{"line":13,"column":4},"end":{"line":13,"column":null}},"3":{"start":{"line":16,"column":2},"end":{"line":18,"column":null}},"4":{"start":{"line":17,"column":4},"end":{"line":17,"column":null}},"5":{"start":{"line":20,"column":2},"end":{"line":22,"column":null}},"6":{"start":{"line":21,"column":4},"end":{"line":21,"column":null}},"7":{"start":{"line":24,"column":2},"end":{"line":24,"column":null}}},"fnMap":{"0":{"name":"ProtectedRoute","decl":{"start":{"line":9,"column":24},"end":{"line":9,"column":39}},"loc":{"start":{"line":9,"column":88},"end":{"line":25,"column":null}},"line":9}},"branchMap":{"0":{"loc":{"start":{"line":12,"column":2},"end":{"line":14,"column":null}},"type":"if","locations":[{"start":{"line":12,"column":2},"end":{"line":14,"column":null}},{"start":{},"end":{}}],"line":12},"1":{"loc":{"start":{"line":16,"column":2},"end":{"line":18,"column":null}},"type":"if","locations":[{"start":{"line":16,"column":2},"end":{"line":18,"column":null}},{"start":{},"end":{}}],"line":16},"2":{"loc":{"start":{"line":20,"column":2},"end":{"line":22,"column":null}},"type":"if","locations":[{"start":{"line":20,"column":2},"end":{"line":22,"column":null}},{"start":{},"end":{}}],"line":20},"3":{"loc":{"start":{"line":20,"column":6},"end":{"line":20,"column":50}},"type":"binary-expr","locations":[{"start":{"line":20,"column":6},"end":{"line":20,"column":22}},{"start":{"line":20,"column":22},"end":{"line":20,"column":50}}],"line":20}},"s":{"0":0,"1":0,"2":0,"3":0,"4":0,"5":0,"6":0,"7":0},"f":{"0":0},"b":{"0":[0,0],"1":[0,0],"2":[0,0],"3":[0,0]},"meta":{"lastBranch":4,"lastFunction":1,"lastStatement":8,"seen":{"f:9:24:9:39":0,"s:10:24:10:Infinity":0,"b:12:2:14:Infinity:undefined:undefined:undefined:undefined":0,"s:12:2:14:Infinity":1,"s:13:4:13:Infinity":2,"b:16:2:18:Infinity:undefined:undefined:undefined:undefined":1,"s:16:2:18:Infinity":3,"s:17:4:17:Infinity":4,"b:20:2:22:Infinity:undefined:undefined:undefined:undefined":2,"s:20:2:22:Infinity":5,"b:20:6:20:22:20:22:20:50":3,"s:21:4:21:Infinity":6,"s:24:2:24:Infinity":7}}}
,"/home/michelle-kamau/Desktop/Phase5/Joblink/JOB-LINK/frontend/src/components/ProviderCard.tsx": {"path":"/home/michelle-kamau/Desktop/Phase5/Joblink/JOB-LINK/frontend/src/components/ProviderCard.tsx","statementMap":{"0":{"start":{"line":21,"column":2},"end":{"line":50,"column":null}},"1":{"start":{"line":44,"column":25},"end":{"line":44,"column":null}}},"fnMap":{"0":{"name":"ProviderCard","decl":{"start":{"line":20,"column":24},"end":{"line":20,"column":37}},"loc":{"start":{"line":20,"column":78},"end":{"line":52,"column":null}},"line":20},"1":{"name":"(anonymous_1)","decl":{"start":{"line":44,"column":19},"end":{"line":44,"column":25}},"loc":{"start":{"line":44,"column":25},"end":{"line":44,"column":null}},"line":44}},"branchMap":{"0":{"loc":{"start":{"line":23,"column":7},"end":{"line":28,"column":null}},"type":"binary-expr","locations":[{"start":{"line":23,"column":7},"end":{"line":23,"column":null}},{"start":{"line":24,"column":8},"end":{"line":28,"column":null}}],"line":23}},"s":{"0":0,"1":0},"f":{"0":0,"1":0},"b":{"0":[0,0]},"meta":{"lastBranch":1,"lastFunction":2,"lastStatement":2,"seen":{"f:20:24:20:37":0,"s:21:2:50:Infinity":0,"b:23:7:23:Infinity:24:8:28:Infinity":0,"f:44:19:44:25":1,"s:44:25:44:Infinity":1}}}
,"/home/michelle-kamau/Desktop/Phase5/Joblink/JOB-LINK/frontend/src/components/Rating.tsx": {"path":"/home/michelle-kamau/Desktop/Phase5/Joblink/JOB-LINK/frontend/src/components/Rating.tsx","statementMap":{"0":{"start":{"line":16,"column":16},"end":{"line":20,"column":null}},"1":{"start":{"line":22,"column":2},"end":{"line":47,"column":null}},"2":{"start":{"line":25,"column":26},"end":{"line":25,"column":null}},"3":{"start":{"line":26,"column":25},"end":{"line":26,"column":null}},"4":{"start":{"line":28,"column":8},"end":{"line":43,"column":null}},"5":{"start":{"line":32,"column":27},"end":{"line":32,"column":null}}},"fnMap":{"0":{"name":"Rating","decl":{"start":{"line":9,"column":24},"end":{"line":9,"column":31}},"loc":{"start":{"line":15,"column":16},"end":{"line":49,"column":null}},"line":15},"1":{"name":"(anonymous_1)","decl":{"start":{"line":24,"column":33},"end":{"line":24,"column":34}},"loc":{"start":{"line":24,"column":47},"end":{"line":45,"column":7}},"line":24},"2":{"name":"(anonymous_2)","decl":{"start":{"line":32,"column":21},"end":{"line":32,"column":27}},"loc":{"start":{"line":32,"column":27},"end":{"line":32,"column":null}},"line":32}},"branchMap":{"0":{"loc":{"start":{"line":11,"column":2},"end":{"line":11,"column":null}},"type":"default-arg","locations":[{"start":{"line":11,"column":14},"end":{"line":11,"column":null}}],"line":11},"1":{"loc":{"start":{"line":12,"column":2},"end":{"line":12,"column":null}},"type":"default-arg","locations":[{"start":{"line":12,"column":9},"end":{"line":12,"column":null}}],"line":12},"2":{"loc":{"start":{"line":13,"column":2},"end":{"line":13,"column":null}},"type":"default-arg","locations":[{"start":{"line":13,"column":16},"end":{"line":13,"column":null}}],"line":13},"3":{"loc":{"start":{"line":32,"column":27},"end":{"line":32,"column":null}},"type":"binary-expr","locations":[{"start":{"line":32,"column":27},"end":{"line":32,"column":42}},{"start":{"line":32,"column":42},"end":{"line":32,"column":null}}],"line":32},"4":{"loc":{"start":{"line":34,"column":26},"end":{"line":34,"column":91}},"type":"cond-expr","locations":[{"start":{"line":34,"column":40},"end":{"line":34,"column":75}},{"start":{"line":34,"column":75},"end":{"line":34,"column":91}}],"line":34},"5":{"loc":{"start":{"line":37,"column":43},"end":{"line":37,"column":89}},"type":"cond-expr","locations":[{"start":{"line":37,"column":54},"end":{"line":37,"column":74}},{"start":{"line":37,"column":74},"end":{"line":37,"column":89}}],"line":37}},"s":{"0":0,"1":0,"2":0,"3":0,"4":0,"5":0},"f":{"0":0,"1":0,"2":0},"b":{"0":[0],"1":[0],"2":[0],"3":[0,0],"4":[0,0],"5":[0,0]},"meta":{"lastBranch":6,"lastFunction":3,"lastStatement":6,"seen":{"f:9:24:9:31":0,"b:11:14:11:Infinity":0,"b:12:9:12:Infinity":1,"b:13:16:13:Infinity":2,"s:16:16:20:Infinity":0,"s:22:2:47:Infinity":1,"f:24:33:24:34":1,"s:25:26:25:Infinity":2,"s:26:25:26:Infinity":3,"s:28:8:43:Infinity":4,"f:32:21:32:27":2,"s:32:27:32:Infinity":5,"b:32:27:32:42:32:42:32:Infinity":3,"b:34:40:34:75:34:75:34:91":4,"b:37:54:37:74:37:74:37:89":5}}}
,"/home/michelle-kamau/Desktop/Phase5/Joblink/JOB-LINK/frontend/src/components/ServiceCategories.tsx": {"path":"/home/michelle-kamau/Desktop/Phase5/Joblink/JOB-LINK/frontend/src/components/ServiceCategories.tsx","statementMap":{"0":{"start":{"line":3,"column":19},"end":{"line":10,"column":null}},"1":{"start":{"line":13,"column":2},"end":{"line":37,"column":null}},"2":{"start":{"line":23,"column":12},"end":{"line":33,"column":null}}},"fnMap":{"0":{"name":"ServiceCategories","decl":{"start":{"line":12,"column":24},"end":{"line":12,"column":44}},"loc":{"start":{"line":12,"column":44},"end":{"line":39,"column":null}},"line":12},"1":{"name":"(anonymous_1)","decl":{"start":{"line":22,"column":26},"end":{"line":22,"column":27}},"loc":{"start":{"line":23,"column":12},"end":{"line":33,"column":null}},"line":23}},"branchMap":{},"s":{"0":1,"1":1,"2":6},"f":{"0":1,"1":6},"b":{},"meta":{"lastBranch":0,"lastFunction":2,"lastStatement":3,"seen":{"s:3:19:10:Infinity":0,"f:12:24:12:44":0,"s:13:2:37:Infinity":1,"f:22:26:22:27":1,"s:23:12:33:Infinity":2}}}
,"/home/michelle-kamau/Desktop/Phase5/Joblink/JOB-LINK/frontend/src/hooks/useAuth.tsx": {"path":"/home/michelle-kamau/Desktop/Phase5/Joblink/JOB-LINK/frontend/src/hooks/useAuth.tsx","statementMap":{"0":{"start":{"line":18,"column":6},"end":{"line":18,"column":null}},"1":{"start":{"line":21,"column":22},"end":{"line":21,"column":null}},"2":{"start":{"line":22,"column":28},"end":{"line":22,"column":null}},"3":{"start":{"line":24,"column":2},"end":{"line":34,"column":null}},"4":{"start":{"line":25,"column":18},"end":{"line":25,"column":null}},"5":{"start":{"line":26,"column":4},"end":{"line":33,"column":null}},"6":{"start":{"line":27,"column":6},"end":{"line":30,"column":null}},"7":{"start":{"line":29,"column":21},"end":{"line":29,"column":53}},"8":{"start":{"line":30,"column":23},"end":{"line":30,"column":40}},"9":{"start":{"line":32,"column":6},"end":{"line":32,"column":null}},"10":{"start":{"line":36,"column":16},"end":{"line":40,"column":null}},"11":{"start":{"line":37,"column":28},"end":{"line":37,"column":null}},"12":{"start":{"line":38,"column":4},"end":{"line":38,"column":null}},"13":{"start":{"line":39,"column":4},"end":{"line":39,"column":null}},"14":{"start":{"line":42,"column":17},"end":{"line":45,"column":null}},"15":{"start":{"line":43,"column":4},"end":{"line":43,"column":null}},"16":{"start":{"line":44,"column":4},"end":{"line":44,"column":null}},"17":{"start":{"line":47,"column":2},"end":{"line":50,"column":null}},"18":{"start":{"line":55,"column":8},"end":{"line":55,"column":null}},"19":{"start":{"line":56,"column":2},"end":{"line":58,"column":null}},"20":{"start":{"line":57,"column":4},"end":{"line":57,"column":null}},"21":{"start":{"line":59,"column":2},"end":{"line":59,"column":null}}},"fnMap":{"0":{"name":"AuthProvider","decl":{"start":{"line":20,"column":16},"end":{"line":20,"column":29}},"loc":{"start":{"line":20,"column":68},"end":{"line":52,"column":null}},"line":20},"1":{"name":"(anonymous_1)","decl":{"start":{"line":24,"column":12},"end":{"line":24,"column":18}},"loc":{"start":{"line":24,"column":18},"end":{"line":34,"column":5}},"line":24},"2":{"name":"(anonymous_2)","decl":{"start":{"line":29,"column":15},"end":{"line":29,"column":21}},"loc":{"start":{"line":29,"column":21},"end":{"line":29,"column":53}},"line":29},"3":{"name":"(anonymous_3)","decl":{"start":{"line":30,"column":17},"end":{"line":30,"column":23}},"loc":{"start":{"line":30,"column":23},"end":{"line":30,"column":40}},"line":30},"4":{"name":"(anonymous_4)","decl":{"start":{"line":36,"column":16},"end":{"line":36,"column":23}},"loc":{"start":{"line":36,"column":59},"end":{"line":40,"column":null}},"line":36},"5":{"name":"(anonymous_5)","decl":{"start":{"line":42,"column":17},"end":{"line":42,"column":23}},"loc":{"start":{"line":42,"column":23},"end":{"line":45,"column":null}},"line":42},"6":{"name":"useAuth","decl":{"start":{"line":54,"column":16},"end":{"line":54,"column":26}},"loc":{"start":{"line":54,"column":26},"end":{"line":60,"column":null}},"line":54}},"branchMap":{"0":{"loc":{"start":{"line":26,"column":4},"end":{"line":33,"column":null}},"type":"if","locations":[{"start":{"line":26,"column":4},"end":{"line":33,"column":null}},{"start":{"line":31,"column":11},"end":{"line":33,"column":null}}],"line":26},"1":{"loc":{"start":{"line":56,"column":2},"end":{"line":58,"column":null}},"type":"if","locations":[{"start":{"line":56,"column":2},"end":{"line":58,"column":null}},{"start":{},"end":{}}],"line":56}},"s":{"0":1,"1":2,"2":2,"3":2,"4":1,"5":1,"6":0,"7":0,"8":0,"9":1,"10":2,"11":0,"12":0,"13":0,"14":2,"15":0,"16":0,"17":2,"18":2,"19":2,"20":0,"21":2},"f":{"0":2,"1":1,"2":0,"3":0,"4":0,"5":0,"6":2},"b":{"0":[0,1],"1":[0,2]},"meta":{"lastBranch":2,"lastFunction":7,"lastStatement":22,"seen":{"s:18:6:18:Infinity":0,"f:20:16:20:29":0,"s:21:22:21:Infinity":1,"s:22:28:22:Infinity":2,"s:24:2:34:Infinity":3,"f:24:12:24:18":1,"s:25:18:25:Infinity":4,"b:26:4:33:Infinity:31:11:33:Infinity":0,"s:26:4:33:Infinity":5,"s:27:6:30:Infinity":6,"f:29:15:29:21":2,"s:29:21:29:53":7,"f:30:17:30:23":3,"s:30:23:30:40":8,"s:32:6:32:Infinity":9,"s:36:16:40:Infinity":10,"f:36:16:36:23":4,"s:37:28:37:Infinity":11,"s:38:4:38:Infinity":12,"s:39:4:39:Infinity":13,"s:42:17:45:Infinity":14,"f:42:17:42:23":5,"s:43:4:43:Infinity":15,"s:44:4:44:Infinity":16,"s:47:2:50:Infinity":17,"f:54:16:54:26":6,"s:55:8:55:Infinity":18,"b:56:2:58:Infinity:undefined:undefined:undefined:undefined":1,"s:56:2:58:Infinity":19,"s:57:4:57:Infinity":20,"s:59:2:59:Infinity":21}}}
,"/home/michelle-kamau/Desktop/Phase5/Joblink/JOB-LINK/frontend/src/pages/About.tsx": {"path":"/home/michelle-kamau/Desktop/Phase5/Joblink/JOB-LINK/frontend/src/pages/About.tsx","statementMap":{"0":{"start":{"line":2,"column":2},"end":{"line":81,"column":null}}},"fnMap":{"0":{"name":"About","decl":{"start":{"line":1,"column":24},"end":{"line":1,"column":32}},"loc":{"start":{"line":1,"column":32},"end":{"line":83,"column":null}},"line":1}},"branchMap":{},"s":{"0":0},"f":{"0":0},"b":{},"meta":{"lastBranch":0,"lastFunction":1,"lastStatement":1,"seen":{"f:1:24:1:32":0,"s:2:2:81:Infinity":0}}}
,"/home/michelle-kamau/Desktop/Phase5/Joblink/JOB-LINK/frontend/src/pages/Bookings.tsx": {"path":"/home/michelle-kamau/Desktop/Phase5/Joblink/JOB-LINK/frontend/src/pages/Bookings.tsx","statementMap":{"0":{"start":{"line":16,"column":30},"end":{"line":16,"column":null}},"1":{"start":{"line":17,"column":28},"end":{"line":17,"column":null}},"2":{"start":{"line":19,"column":2},"end":{"line":32,"column":null}},"3":{"start":{"line":20,"column":26},"end":{"line":29,"column":null}},"4":{"start":{"line":21,"column":6},"end":{"line":28,"column":null}},"5":{"start":{"line":22,"column":25},"end":{"line":22,"column":null}},"6":{"start":{"line":23,"column":8},"end":{"line":23,"column":null}},"7":{"start":{"line":25,"column":8},"end":{"line":25,"column":null}},"8":{"start":{"line":27,"column":8},"end":{"line":27,"column":null}},"9":{"start":{"line":31,"column":4},"end":{"line":31,"column":null}},"10":{"start":{"line":34,"column":25},"end":{"line":41,"column":null}},"11":{"start":{"line":35,"column":4},"end":{"line":40,"column":null}},"12":{"start":{"line":36,"column":24},"end":{"line":36,"column":null}},"13":{"start":{"line":37,"column":24},"end":{"line":37,"column":null}},"14":{"start":{"line":38,"column":24},"end":{"line":38,"column":null}},"15":{"start":{"line":39,"column":15},"end":{"line":39,"column":null}},"16":{"start":{"line":43,"column":2},"end":{"line":43,"column":null}},"17":{"start":{"line":43,"column":15},"end":{"line":43,"column":null}},"18":{"start":{"line":45,"column":2},"end":{"line":89,"column":null}},"19":{"start":{"line":52,"column":33},"end":{"line":52,"column":70}},"20":{"start":{"line":59,"column":12},"end":{"line":85,"column":null}}},"fnMap":{"0":{"name":"Bookings","decl":{"start":{"line":15,"column":24},"end":{"line":15,"column":35}},"loc":{"start":{"line":15,"column":35},"end":{"line":91,"column":null}},"line":15},"1":{"name":"(anonymous_1)","decl":{"start":{"line":19,"column":12},"end":{"line":19,"column":18}},"loc":{"start":{"line":19,"column":18},"end":{"line":32,"column":5}},"line":19},"2":{"name":"(anonymous_2)","decl":{"start":{"line":20,"column":26},"end":{"line":20,"column":38}},"loc":{"start":{"line":20,"column":38},"end":{"line":29,"column":null}},"line":20},"3":{"name":"(anonymous_3)","decl":{"start":{"line":34,"column":25},"end":{"line":34,"column":26}},"loc":{"start":{"line":34,"column":45},"end":{"line":41,"column":null}},"line":34},"4":{"name":"(anonymous_4)","decl":{"start":{"line":52,"column":27},"end":{"line":52,"column":33}},"loc":{"start":{"line":52,"column":33},"end":{"line":52,"column":70}},"line":52},"5":{"name":"(anonymous_5)","decl":{"start":{"line":58,"column":24},"end":{"line":58,"column":25}},"loc":{"start":{"line":59,"column":12},"end":{"line":85,"column":null}},"line":59}},"branchMap":{"0":{"loc":{"start":{"line":35,"column":4},"end":{"line":40,"column":null}},"type":"switch","locations":[{"start":{"line":36,"column":6},"end":{"line":36,"column":null}},{"start":{"line":37,"column":6},"end":{"line":37,"column":null}},{"start":{"line":38,"column":6},"end":{"line":38,"column":null}},{"start":{"line":39,"column":6},"end":{"line":39,"column":null}}],"line":35},"1":{"loc":{"start":{"line":43,"column":2},"end":{"line":43,"column":null}},"type":"if","locations":[{"start":{"line":43,"column":2},"end":{"line":43,"column":null}},{"start":{},"end":{}}],"line":43},"2":{"loc":{"start":{"line":49,"column":7},"end":{"line":87,"column":null}},"type":"cond-expr","locations":[{"start":{"line":50,"column":8},"end":{"line":55,"column":null}},{"start":{"line":57,"column":8},"end":{"line":87,"column":null}}],"line":49},"3":{"loc":{"start":{"line":79,"column":17},"end":{"line":82,"column":null}},"type":"binary-expr","locations":[{"start":{"line":79,"column":17},"end":{"line":79,"column":null}},{"start":{"line":80,"column":18},"end":{"line":82,"column":null}}],"line":79}},"s":{"0":0,"1":0,"2":0,"3":0,"4":0,"5":0,"6":0,"7":0,"8":0,"9":0,"10":0,"11":0,"12":0,"13":0,"14":0,"15":0,"16":0,"17":0,"18":0,"19":0,"20":0},"f":{"0":0,"1":0,"2":0,"3":0,"4":0,"5":0},"b":{"0":[0,0,0,0],"1":[0,0],"2":[0,0],"3":[0,0]},"meta":{"lastBranch":4,"lastFunction":6,"lastStatement":21,"seen":{"f:15:24:15:35":0,"s:16:30:16:Infinity":0,"s:17:28:17:Infinity":1,"s:19:2:32:Infinity":2,"f:19:12:19:18":1,"s:20:26:29:Infinity":3,"f:20:26:20:38":2,"s:21:6:28:Infinity":4,"s:22:25:22:Infinity":5,"s:23:8:23:Infinity":6,"s:25:8:25:Infinity":7,"s:27:8:27:Infinity":8,"s:31:4:31:Infinity":9,"s:34:25:41:Infinity":10,"f:34:25:34:26":3,"b:36:6:36:Infinity:37:6:37:Infinity:38:6:38:Infinity:39:6:39:Infinity":0,"s:35:4:40:Infinity":11,"s:36:24:36:Infinity":12,"s:37:24:37:Infinity":13,"s:38:24:38:Infinity":14,"s:39:15:39:Infinity":15,"b:43:2:43:Infinity:undefined:undefined:undefined:undefined":1,"s:43:2:43:Infinity":16,"s:43:15:43:Infinity":17,"s:45:2:89:Infinity":18,"b:50:8:55:Infinity:57:8:87:Infinity":2,"f:52:27:52:33":4,"s:52:33:52:70":19,"f:58:24:58:25":5,"s:59:12:85:Infinity":20,"b:79:17:79:Infinity:80:18:82:Infinity":3}}}
,"/home/michelle-kamau/Desktop/Phase5/Joblink/JOB-LINK/frontend/src/pages/Contact.tsx": {"path":"/home/michelle-kamau/Desktop/Phase5/Joblink/JOB-LINK/frontend/src/pages/Contact.tsx","statementMap":{"0":{"start":{"line":6,"column":30},"end":{"line":11,"column":null}},"1":{"start":{"line":13,"column":23},"end":{"line":18,"column":null}},"2":{"start":{"line":14,"column":4},"end":{"line":14,"column":null}},"3":{"start":{"line":16,"column":4},"end":{"line":16,"column":null}},"4":{"start":{"line":17,"column":4},"end":{"line":17,"column":null}},"5":{"start":{"line":20,"column":2},"end":{"line":117,"column":null}},"6":{"start":{"line":36,"column":33},"end":{"line":36,"column":null}},"7":{"start":{"line":43,"column":33},"end":{"line":43,"column":null}},"8":{"start":{"line":49,"column":33},"end":{"line":49,"column":null}},"9":{"start":{"line":58,"column":35},"end":{"line":58,"column":null}}},"fnMap":{"0":{"name":"Contact","decl":{"start":{"line":5,"column":24},"end":{"line":5,"column":34}},"loc":{"start":{"line":5,"column":34},"end":{"line":119,"column":null}},"line":5},"1":{"name":"(anonymous_1)","decl":{"start":{"line":13,"column":23},"end":{"line":13,"column":24}},"loc":{"start":{"line":13,"column":47},"end":{"line":18,"column":null}},"line":13},"2":{"name":"(anonymous_2)","decl":{"start":{"line":36,"column":26},"end":{"line":36,"column":27}},"loc":{"start":{"line":36,"column":33},"end":{"line":36,"column":null}},"line":36},"3":{"name":"(anonymous_3)","decl":{"start":{"line":43,"column":26},"end":{"line":43,"column":27}},"loc":{"start":{"line":43,"column":33},"end":{"line":43,"column":null}},"line":43},"4":{"name":"(anonymous_4)","decl":{"start":{"line":49,"column":26},"end":{"line":49,"column":27}},"loc":{"start":{"line":49,"column":33},"end":{"line":49,"column":null}},"line":49},"5":{"name":"(anonymous_5)","decl":{"start":{"line":58,"column":28},"end":{"line":58,"column":29}},"loc":{"start":{"line":58,"column":35},"end":{"line":58,"column":null}},"line":58}},"branchMap":{},"s":{"0":0,"1":0,"2":0,"3":0,"4":0,"5":0,"6":0,"7":0,"8":0,"9":0},"f":{"0":0,"1":0,"2":0,"3":0,"4":0,"5":0},"b":{},"meta":{"lastBranch":0,"lastFunction":6,"lastStatement":10,"seen":{"f:5:24:5:34":0,"s:6:30:11:Infinity":0,"s:13:23:18:Infinity":1,"f:13:23:13:24":1,"s:14:4:14:Infinity":2,"s:16:4:16:Infinity":3,"s:17:4:17:Infinity":4,"s:20:2:117:Infinity":5,"f:36:26:36:27":2,"s:36:33:36:Infinity":6,"f:43:26:43:27":3,"s:43:33:43:Infinity":7,"f:49:26:49:27":4,"s:49:33:49:Infinity":8,"f:58:28:58:29":5,"s:58:35:58:Infinity":9}}}
,"/home/michelle-kamau/Desktop/Phase5/Joblink/JOB-LINK/frontend/src/pages/Dashboard.tsx": {"path":"/home/michelle-kamau/Desktop/Phase5/Joblink/JOB-LINK/frontend/src/pages/Dashboard.tsx","statementMap":{"0":{"start":{"line":11,"column":24},"end":{"line":11,"column":null}},"1":{"start":{"line":12,"column":28},"end":{"line":12,"column":null}},"2":{"start":{"line":14,"column":2},"end":{"line":27,"column":null}},"3":{"start":{"line":15,"column":23},"end":{"line":24,"column":null}},"4":{"start":{"line":16,"column":6},"end":{"line":23,"column":null}},"5":{"start":{"line":17,"column":25},"end":{"line":17,"column":null}},"6":{"start":{"line":18,"column":8},"end":{"line":18,"column":null}},"7":{"start":{"line":20,"column":8},"end":{"line":20,"column":null}},"8":{"start":{"line":22,"column":8},"end":{"line":22,"column":null}},"9":{"start":{"line":26,"column":4},"end":{"line":26,"column":null}},"10":{"start":{"line":29,"column":2},"end":{"line":31,"column":null}},"11":{"start":{"line":30,"column":4},"end":{"line":30,"column":null}},"12":{"start":{"line":33,"column":2},"end":{"line":58,"column":null}}},"fnMap":{"0":{"name":"Dashboard","decl":{"start":{"line":10,"column":24},"end":{"line":10,"column":36}},"loc":{"start":{"line":10,"column":36},"end":{"line":60,"column":null}},"line":10},"1":{"name":"(anonymous_1)","decl":{"start":{"line":14,"column":12},"end":{"line":14,"column":18}},"loc":{"start":{"line":14,"column":18},"end":{"line":27,"column":5}},"line":14},"2":{"name":"(anonymous_2)","decl":{"start":{"line":15,"column":23},"end":{"line":15,"column":35}},"loc":{"start":{"line":15,"column":35},"end":{"line":24,"column":null}},"line":15}},"branchMap":{"0":{"loc":{"start":{"line":29,"column":2},"end":{"line":31,"column":null}},"type":"if","locations":[{"start":{"line":29,"column":2},"end":{"line":31,"column":null}},{"start":{},"end":{}}],"line":29},"1":{"loc":{"start":{"line":37,"column":7},"end":{"line":51,"column":null}},"type":"binary-expr","locations":[{"start":{"line":37,"column":7},"end":{"line":37,"column":null}},{"start":{"line":38,"column":8},"end":{"line":51,"column":null}}],"line":37}},"s":{"0":0,"1":0,"2":0,"3":0,"4":0,"5":0,"6":0,"7":0,"8":0,"9":0,"10":0,"11":0,"12":0},"f":{"0":0,"1":0,"2":0},"b":{"0":[0,0],"1":[0,0]},"meta":{"lastBranch":2,"lastFunction":3,"lastStatement":13,"seen":{"f:10:24:10:36":0,"s:11:24:11:Infinity":0,"s:12:28:12:Infinity":1,"s:14:2:27:Infinity":2,"f:14:12:14:18":1,"s:15:23:24:Infinity":3,"f:15:23:15:35":2,"s:16:6:23:Infinity":4,"s:17:25:17:Infinity":5,"s:18:8:18:Infinity":6,"s:20:8:20:Infinity":7,"s:22:8:22:Infinity":8,"s:26:4:26:Infinity":9,"b:29:2:31:Infinity:undefined:undefined:undefined:undefined":0,"s:29:2:31:Infinity":10,"s:30:4:30:Infinity":11,"s:33:2:58:Infinity":12,"b:37:7:37:Infinity:38:8:51:Infinity":1}}}
,"/home/michelle-kamau/Desktop/Phase5/Joblink/JOB-LINK/frontend/src/pages/Home.tsx": {"path":"/home/michelle-kamau/Desktop/Phase5/Joblink/JOB-LINK/frontend/src/pages/Home.tsx","statementMap":{"0":{"start":{"line":5,"column":2},"end":{"line":41,"column":null}}},"fnMap":{"0":{"name":"Home","decl":{"start":{"line":4,"column":24},"end":{"line":4,"column":31}},"loc":{"start":{"line":4,"column":31},"end":{"line":43,"column":null}},"line":4}},"branchMap":{},"s":{"0":1},"f":{"0":1},"b":{},"meta":{"lastBranch":0,"lastFunction":1,"lastStatement":1,"seen":{"f:4:24:4:31":0,"s:5:2:41:Infinity":0}}}
,"/home/michelle-kamau/Desktop/Phase5/Joblink/JOB-LINK/frontend/src/pages/Login.tsx": {"path":"/home/michelle-kamau/Desktop/Phase5/Joblink/JOB-LINK/frontend/src/pages/Login.tsx","statementMap":{"0":{"start":{"line":6,"column":24},"end":{"line":6,"column":null}},"1":{"start":{"line":7,"column":30},"end":{"line":7,"column":null}},"2":{"start":{"line":8,"column":24},"end":{"line":8,"column":null}},"3":{"start":{"line":9,"column":28},"end":{"line":9,"column":null}},"4":{"start":{"line":10,"column":16},"end":{"line":10,"column":null}},"5":{"start":{"line":11,"column":8},"end":{"line":11,"column":null}},"6":{"start":{"line":13,"column":23},"end":{"line":26,"column":null}},"7":{"start":{"line":14,"column":4},"end":{"line":14,"column":null}},"8":{"start":{"line":15,"column":4},"end":{"line":15,"column":null}},"9":{"start":{"line":16,"column":4},"end":{"line":16,"column":null}},"10":{"start":{"line":18,"column":4},"end":{"line":25,"column":null}},"11":{"start":{"line":19,"column":6},"end":{"line":19,"column":null}},"12":{"start":{"line":20,"column":6},"end":{"line":20,"column":null}},"13":{"start":{"line":22,"column":6},"end":{"line":22,"column":null}},"14":{"start":{"line":24,"column":6},"end":{"line":24,"column":null}},"15":{"start":{"line":28,"column":2},"end":{"line":84,"column":null}},"16":{"start":{"line":53,"column":33},"end":{"line":53,"column":null}},"17":{"start":{"line":67,"column":33},"end":{"line":67,"column":null}}},"fnMap":{"0":{"name":"Login","decl":{"start":{"line":5,"column":24},"end":{"line":5,"column":32}},"loc":{"start":{"line":5,"column":32},"end":{"line":86,"column":null}},"line":5},"1":{"name":"(anonymous_1)","decl":{"start":{"line":13,"column":23},"end":{"line":13,"column":30}},"loc":{"start":{"line":13,"column":53},"end":{"line":26,"column":null}},"line":13},"2":{"name":"(anonymous_2)","decl":{"start":{"line":53,"column":26},"end":{"line":53,"column":27}},"loc":{"start":{"line":53,"column":33},"end":{"line":53,"column":null}},"line":53},"3":{"name":"(anonymous_3)","decl":{"start":{"line":67,"column":26},"end":{"line":67,"column":27}},"loc":{"start":{"line":67,"column":33},"end":{"line":67,"column":null}},"line":67}},"branchMap":{"0":{"loc":{"start":{"line":22,"column":15},"end":{"line":22,"column":60}},"type":"binary-expr","locations":[{"start":{"line":22,"column":15},"end":{"line":22,"column":46}},{"start":{"line":22,"column":46},"end":{"line":22,"column":60}}],"line":22},"1":{"loc":{"start":{"line":37,"column":11},"end":{"line":40,"column":null}},"type":"binary-expr","locations":[{"start":{"line":37,"column":11},"end":{"line":37,"column":null}},{"start":{"line":38,"column":12},"end":{"line":40,"column":null}}],"line":37},"2":{"loc":{"start":{"line":79,"column":15},"end":{"line":79,"column":null}},"type":"cond-expr","locations":[{"start":{"line":79,"column":25},"end":{"line":79,"column":43}},{"start":{"line":79,"column":43},"end":{"line":79,"column":null}}],"line":79}},"s":{"0":0,"1":0,"2":0,"3":0,"4":0,"5":0,"6":0,"7":0,"8":0,"9":0,"10":0,"11":0,"12":0,"13":0,"14":0,"15":0,"16":0,"17":0},"f":{"0":0,"1":0,"2":0,"3":0},"b":{"0":[0,0],"1":[0,0],"2":[0,0]},"meta":{"lastBranch":3,"lastFunction":4,"lastStatement":18,"seen":{"f:5:24:5:32":0,"s:6:24:6:Infinity":0,"s:7:30:7:Infinity":1,"s:8:24:8:Infinity":2,"s:9:28:9:Infinity":3,"s:10:16:10:Infinity":4,"s:11:8:11:Infinity":5,"s:13:23:26:Infinity":6,"f:13:23:13:30":1,"s:14:4:14:Infinity":7,"s:15:4:15:Infinity":8,"s:16:4:16:Infinity":9,"s:18:4:25:Infinity":10,"s:19:6:19:Infinity":11,"s:20:6:20:Infinity":12,"s:22:6:22:Infinity":13,"b:22:15:22:46:22:46:22:60":0,"s:24:6:24:Infinity":14,"s:28:2:84:Infinity":15,"b:37:11:37:Infinity:38:12:40:Infinity":1,"f:53:26:53:27":2,"s:53:33:53:Infinity":16,"f:67:26:67:27":3,"s:67:33:67:Infinity":17,"b:79:25:79:43:79:43:79:Infinity":2}}}
,"/home/michelle-kamau/Desktop/Phase5/Joblink/JOB-LINK/frontend/src/pages/Profile.tsx": {"path":"/home/michelle-kamau/Desktop/Phase5/Joblink/JOB-LINK/frontend/src/pages/Profile.tsx","statementMap":{"0":{"start":{"line":7,"column":15},"end":{"line":7,"column":null}},"1":{"start":{"line":8,"column":32},"end":{"line":8,"column":null}},"2":{"start":{"line":9,"column":30},"end":{"line":15,"column":null}},"3":{"start":{"line":17,"column":21},"end":{"line":20,"column":null}},"4":{"start":{"line":18,"column":4},"end":{"line":18,"column":null}},"5":{"start":{"line":22,"column":2},"end":{"line":226,"column":null}},"6":{"start":{"line":59,"column":29},"end":{"line":59,"column":null}},"7":{"start":{"line":87,"column":39},"end":{"line":87,"column":null}},"8":{"start":{"line":101,"column":39},"end":{"line":101,"column":null}},"9":{"start":{"line":115,"column":39},"end":{"line":115,"column":null}},"10":{"start":{"line":129,"column":39},"end":{"line":129,"column":null}},"11":{"start":{"line":143,"column":37},"end":{"line":143,"column":null}},"12":{"start":{"line":155,"column":61},"end":{"line":155,"column":82}}},"fnMap":{"0":{"name":"Profile","decl":{"start":{"line":6,"column":24},"end":{"line":6,"column":34}},"loc":{"start":{"line":6,"column":34},"end":{"line":228,"column":null}},"line":6},"1":{"name":"(anonymous_1)","decl":{"start":{"line":17,"column":21},"end":{"line":17,"column":27}},"loc":{"start":{"line":17,"column":27},"end":{"line":20,"column":null}},"line":17},"2":{"name":"(anonymous_2)","decl":{"start":{"line":59,"column":23},"end":{"line":59,"column":29}},"loc":{"start":{"line":59,"column":29},"end":{"line":59,"column":null}},"line":59},"3":{"name":"(anonymous_3)","decl":{"start":{"line":87,"column":32},"end":{"line":87,"column":33}},"loc":{"start":{"line":87,"column":39},"end":{"line":87,"column":null}},"line":87},"4":{"name":"(anonymous_4)","decl":{"start":{"line":101,"column":32},"end":{"line":101,"column":33}},"loc":{"start":{"line":101,"column":39},"end":{"line":101,"column":null}},"line":101},"5":{"name":"(anonymous_5)","decl":{"start":{"line":115,"column":32},"end":{"line":115,"column":33}},"loc":{"start":{"line":115,"column":39},"end":{"line":115,"column":null}},"line":115},"6":{"name":"(anonymous_6)","decl":{"start":{"line":129,"column":32},"end":{"line":129,"column":33}},"loc":{"start":{"line":129,"column":39},"end":{"line":129,"column":null}},"line":129},"7":{"name":"(anonymous_7)","decl":{"start":{"line":143,"column":30},"end":{"line":143,"column":31}},"loc":{"start":{"line":143,"column":37},"end":{"line":143,"column":null}},"line":143},"8":{"name":"(anonymous_8)","decl":{"start":{"line":155,"column":55},"end":{"line":155,"column":61}},"loc":{"start":{"line":155,"column":61},"end":{"line":155,"column":82}},"line":155}},"branchMap":{"0":{"loc":{"start":{"line":10,"column":10},"end":{"line":10,"column":null}},"type":"binary-expr","locations":[{"start":{"line":10,"column":10},"end":{"line":10,"column":24}},{"start":{"line":10,"column":24},"end":{"line":10,"column":null}}],"line":10},"1":{"loc":{"start":{"line":11,"column":11},"end":{"line":11,"column":null}},"type":"binary-expr","locations":[{"start":{"line":11,"column":11},"end":{"line":11,"column":26}},{"start":{"line":11,"column":26},"end":{"line":11,"column":null}}],"line":11},"2":{"loc":{"start":{"line":40,"column":55},"end":{"line":40,"column":80}},"type":"binary-expr","locations":[{"start":{"line":40,"column":55},"end":{"line":40,"column":69}},{"start":{"line":40,"column":69},"end":{"line":40,"column":80}}],"line":40},"3":{"loc":{"start":{"line":41,"column":68},"end":{"line":41,"column":93}},"type":"binary-expr","locations":[{"start":{"line":41,"column":68},"end":{"line":41,"column":82}},{"start":{"line":41,"column":82},"end":{"line":41,"column":93}}],"line":41},"4":{"loc":{"start":{"line":63,"column":15},"end":{"line":63,"column":null}},"type":"cond-expr","locations":[{"start":{"line":63,"column":27},"end":{"line":63,"column":38}},{"start":{"line":63,"column":38},"end":{"line":63,"column":null}}],"line":63},"5":{"loc":{"start":{"line":83,"column":19},"end":{"line":91,"column":null}},"type":"cond-expr","locations":[{"start":{"line":84,"column":20},"end":{"line":89,"column":null}},{"start":{"line":91,"column":20},"end":{"line":91,"column":null}}],"line":83},"6":{"loc":{"start":{"line":97,"column":19},"end":{"line":105,"column":null}},"type":"cond-expr","locations":[{"start":{"line":98,"column":20},"end":{"line":103,"column":null}},{"start":{"line":105,"column":20},"end":{"line":105,"column":null}}],"line":97},"7":{"loc":{"start":{"line":111,"column":19},"end":{"line":119,"column":null}},"type":"cond-expr","locations":[{"start":{"line":112,"column":20},"end":{"line":117,"column":null}},{"start":{"line":119,"column":20},"end":{"line":119,"column":null}}],"line":111},"8":{"loc":{"start":{"line":125,"column":19},"end":{"line":133,"column":null}},"type":"cond-expr","locations":[{"start":{"line":126,"column":20},"end":{"line":131,"column":null}},{"start":{"line":133,"column":20},"end":{"line":133,"column":null}}],"line":125},"9":{"loc":{"start":{"line":140,"column":17},"end":{"line":148,"column":null}},"type":"cond-expr","locations":[{"start":{"line":141,"column":18},"end":{"line":146,"column":null}},{"start":{"line":148,"column":18},"end":{"line":148,"column":null}}],"line":140},"10":{"loc":{"start":{"line":152,"column":15},"end":{"line":156,"column":null}},"type":"binary-expr","locations":[{"start":{"line":152,"column":15},"end":{"line":152,"column":null}},{"start":{"line":153,"column":16},"end":{"line":156,"column":null}}],"line":152}},"s":{"0":0,"1":0,"2":0,"3":0,"4":0,"5":0,"6":0,"7":0,"8":0,"9":0,"10":0,"11":0,"12":0},"f":{"0":0,"1":0,"2":0,"3":0,"4":0,"5":0,"6":0,"7":0,"8":0},"b":{"0":[0,0],"1":[0,0],"2":[0,0],"3":[0,0],"4":[0,0],"5":[0,0],"6":[0,0],"7":[0,0],"8":[0,0],"9":[0,0],"10":[0,0]},"meta":{"lastBranch":11,"lastFunction":9,"lastStatement":13,"seen":{"f:6:24:6:34":0,"s:7:15:7:Infinity":0,"s:8:32:8:Infinity":1,"s:9:30:15:Infinity":2,"b:10:10:10:24:10:24:10:Infinity":0,"b:11:11:11:26:11:26:11:Infinity":1,"s:17:21:20:Infinity":3,"f:17:21:17:27":1,"s:18:4:18:Infinity":4,"s:22:2:226:Infinity":5,"b:40:55:40:69:40:69:40:80":2,"b:41:68:41:82:41:82:41:93":3,"f:59:23:59:29":2,"s:59:29:59:Infinity":6,"b:63:27:63:38:63:38:63:Infinity":4,"b:84:20:89:Infinity:91:20:91:Infinity":5,"f:87:32:87:33":3,"s:87:39:87:Infinity":7,"b:98:20:103:Infinity:105:20:105:Infinity":6,"f:101:32:101:33":4,"s:101:39:101:Infinity":8,"b:112:20:117:Infinity:119:20:119:Infinity":7,"f:115:32:115:33":5,"s:115:39:115:Infinity":9,"b:126:20:131:Infinity:133:20:133:Infinity":8,"f:129:32:129:33":6,"s:129:39:129:Infinity":10,"b:141:18:146:Infinity:148:18:148:Infinity":9,"f:143:30:143:31":7,"s:143:37:143:Infinity":11,"b:152:15:152:Infinity:153:16:156:Infinity":10,"f:155:55:155:61":8,"s:155:61:155:82":12}}}
,"/home/michelle-kamau/Desktop/Phase5/Joblink/JOB-LINK/frontend/src/pages/ProviderProfile.tsx": {"path":"/home/michelle-kamau/Desktop/Phase5/Joblink/JOB-LINK/frontend/src/pages/ProviderProfile.tsx","statementMap":{"0":{"start":{"line":26,"column":13},"end":{"line":26,"column":null}},"1":{"start":{"line":27,"column":30},"end":{"line":27,"column":null}},"2":{"start":{"line":28,"column":28},"end":{"line":28,"column":null}},"3":{"start":{"line":29,"column":46},"end":{"line":29,"column":null}},"4":{"start":{"line":31,"column":2},"end":{"line":44,"column":null}},"5":{"start":{"line":32,"column":26},"end":{"line":41,"column":null}},"6":{"start":{"line":33,"column":6},"end":{"line":40,"column":null}},"7":{"start":{"line":34,"column":25},"end":{"line":34,"column":null}},"8":{"start":{"line":35,"column":8},"end":{"line":35,"column":null}},"9":{"start":{"line":37,"column":8},"end":{"line":37,"column":null}},"10":{"start":{"line":39,"column":8},"end":{"line":39,"column":null}},"11":{"start":{"line":43,"column":4},"end":{"line":43,"column":null}},"12":{"start":{"line":43,"column":12},"end":{"line":43,"column":null}},"13":{"start":{"line":46,"column":24},"end":{"line":55,"column":null}},"14":{"start":{"line":47,"column":4},"end":{"line":54,"column":null}},"15":{"start":{"line":48,"column":6},"end":{"line":48,"column":null}},"16":{"start":{"line":49,"column":6},"end":{"line":49,"column":null}},"17":{"start":{"line":50,"column":6},"end":{"line":50,"column":null}},"18":{"start":{"line":52,"column":6},"end":{"line":52,"column":null}},"19":{"start":{"line":53,"column":6},"end":{"line":53,"column":null}},"20":{"start":{"line":57,"column":2},"end":{"line":57,"column":null}},"21":{"start":{"line":57,"column":15},"end":{"line":57,"column":null}},"22":{"start":{"line":58,"column":2},"end":{"line":58,"column":null}},"23":{"start":{"line":58,"column":17},"end":{"line":58,"column":null}},"24":{"start":{"line":60,"column":2},"end":{"line":126,"column":null}},"25":{"start":{"line":92,"column":35},"end":{"line":92,"column":62}},"26":{"start":{"line":101,"column":16},"end":{"line":110,"column":null}},"27":{"start":{"line":122,"column":23},"end":{"line":122,"column":null}}},"fnMap":{"0":{"name":"ProviderProfile","decl":{"start":{"line":25,"column":24},"end":{"line":25,"column":42}},"loc":{"start":{"line":25,"column":42},"end":{"line":128,"column":null}},"line":25},"1":{"name":"(anonymous_1)","decl":{"start":{"line":31,"column":12},"end":{"line":31,"column":18}},"loc":{"start":{"line":31,"column":18},"end":{"line":44,"column":5}},"line":31},"2":{"name":"(anonymous_2)","decl":{"start":{"line":32,"column":26},"end":{"line":32,"column":38}},"loc":{"start":{"line":32,"column":38},"end":{"line":41,"column":null}},"line":32},"3":{"name":"(anonymous_3)","decl":{"start":{"line":46,"column":24},"end":{"line":46,"column":31}},"loc":{"start":{"line":46,"column":52},"end":{"line":55,"column":null}},"line":46},"4":{"name":"(anonymous_4)","decl":{"start":{"line":92,"column":29},"end":{"line":92,"column":35}},"loc":{"start":{"line":92,"column":35},"end":{"line":92,"column":62}},"line":92},"5":{"name":"(anonymous_5)","decl":{"start":{"line":100,"column":36},"end":{"line":100,"column":37}},"loc":{"start":{"line":101,"column":16},"end":{"line":110,"column":null}},"line":101},"6":{"name":"(anonymous_6)","decl":{"start":{"line":122,"column":17},"end":{"line":122,"column":23}},"loc":{"start":{"line":122,"column":23},"end":{"line":122,"column":null}},"line":122}},"branchMap":{"0":{"loc":{"start":{"line":43,"column":4},"end":{"line":43,"column":null}},"type":"if","locations":[{"start":{"line":43,"column":4},"end":{"line":43,"column":null}},{"start":{},"end":{}}],"line":43},"1":{"loc":{"start":{"line":57,"column":2},"end":{"line":57,"column":null}},"type":"if","locations":[{"start":{"line":57,"column":2},"end":{"line":57,"column":null}},{"start":{},"end":{}}],"line":57},"2":{"loc":{"start":{"line":58,"column":2},"end":{"line":58,"column":null}},"type":"if","locations":[{"start":{"line":58,"column":2},"end":{"line":58,"column":null}},{"start":{},"end":{}}],"line":58},"3":{"loc":{"start":{"line":63,"column":9},"end":{"line":68,"column":null}},"type":"binary-expr","locations":[{"start":{"line":63,"column":9},"end":{"line":63,"column":null}},{"start":{"line":64,"column":10},"end":{"line":68,"column":null}}],"line":63},"4":{"loc":{"start":{"line":112,"column":15},"end":{"line":113,"column":null}},"type":"binary-expr","locations":[{"start":{"line":112,"column":15},"end":{"line":112,"column":null}},{"start":{"line":113,"column":16},"end":{"line":113,"column":null}}],"line":112}},"s":{"0":0,"1":0,"2":0,"3":0,"4":0,"5":0,"6":0,"7":0,"8":0,"9":0,"10":0,"11":0,"12":0,"13":0,"14":0,"15":0,"16":0,"17":0,"18":0,"19":0,"20":0,"21":0,"22":0,"23":0,"24":0,"25":0,"26":0,"27":0},"f":{"0":0,"1":0,"2":0,"3":0,"4":0,"5":0,"6":0},"b":{"0":[0,0],"1":[0,0],"2":[0,0],"3":[0,0],"4":[0,0]},"meta":{"lastBranch":5,"lastFunction":7,"lastStatement":28,"seen":{"f:25:24:25:42":0,"s:26:13:26:Infinity":0,"s:27:30:27:Infinity":1,"s:28:28:28:Infinity":2,"s:29:46:29:Infinity":3,"s:31:2:44:Infinity":4,"f:31:12:31:18":1,"s:32:26:41:Infinity":5,"f:32:26:32:38":2,"s:33:6:40:Infinity":6,"s:34:25:34:Infinity":7,"s:35:8:35:Infinity":8,"s:37:8:37:Infinity":9,"s:39:8:39:Infinity":10,"b:43:4:43:Infinity:undefined:undefined:undefined:undefined":0,"s:43:4:43:Infinity":11,"s:43:12:43:Infinity":12,"s:46:24:55:Infinity":13,"f:46:24:46:31":3,"s:47:4:54:Infinity":14,"s:48:6:48:Infinity":15,"s:49:6:49:Infinity":16,"s:50:6:50:Infinity":17,"s:52:6:52:Infinity":18,"s:53:6:53:Infinity":19,"b:57:2:57:Infinity:undefined:undefined:undefined:undefined":1,"s:57:2:57:Infinity":20,"s:57:15:57:Infinity":21,"b:58:2:58:Infinity:undefined:undefined:undefined:undefined":2,"s:58:2:58:Infinity":22,"s:58:17:58:Infinity":23,"s:60:2:126:Infinity":24,"b:63:9:63:Infinity:64:10:68:Infinity":3,"f:92:29:92:35":4,"s:92:35:92:62":25,"f:100:36:100:37":5,"s:101:16:110:Infinity":26,"b:112:15:112:Infinity:113:16:113:Infinity":4,"f:122:17:122:23":6,"s:122:23:122:Infinity":27}}}
,"/home/michelle-kamau/Desktop/Phase5/Joblink/JOB-LINK/frontend/src/pages/Providers.tsx": {"path":"/home/michelle-kamau/Desktop/Phase5/Joblink/JOB-LINK/frontend/src/pages/Providers.tsx","statementMap":{"0":{"start":{"line":20,"column":32},"end":{"line":20,"column":null}},"1":{"start":{"line":21,"column":28},"end":{"line":21,"column":null}},"2":{"start":{"line":22,"column":34},"end":{"line":22,"column":null}},"3":{"start":{"line":23,"column":46},"end":{"line":23,"column":null}},"4":{"start":{"line":24,"column":46},"end":{"line":24,"column":null}},"5":{"start":{"line":25,"column":46},"end":{"line":25,"column":null}},"6":{"start":{"line":26,"column":8},"end":{"line":26,"column":null}},"7":{"start":{"line":28,"column":21},"end":{"line":28,"column":null}},"8":{"start":{"line":30,"column":2},"end":{"line":47,"column":null}},"9":{"start":{"line":31,"column":27},"end":{"line":44,"column":null}},"10":{"start":{"line":32,"column":6},"end":{"line":43,"column":null}},"11":{"start":{"line":33,"column":23},"end":{"line":33,"column":null}},"12":{"start":{"line":34,"column":8},"end":{"line":34,"column":null}},"13":{"start":{"line":34,"column":30},"end":{"line":34,"column":null}},"14":{"start":{"line":35,"column":8},"end":{"line":35,"column":null}},"15":{"start":{"line":35,"column":24},"end":{"line":35,"column":null}},"16":{"start":{"line":37,"column":25},"end":{"line":37,"column":null}},"17":{"start":{"line":38,"column":8},"end":{"line":38,"column":null}},"18":{"start":{"line":40,"column":8},"end":{"line":40,"column":null}},"19":{"start":{"line":42,"column":8},"end":{"line":42,"column":null}},"20":{"start":{"line":46,"column":4},"end":{"line":46,"column":null}},"21":{"start":{"line":49,"column":21},"end":{"line":55,"column":null}},"22":{"start":{"line":50,"column":21},"end":{"line":50,"column":null}},"23":{"start":{"line":50,"column":41},"end":{"line":50,"column":60}},"24":{"start":{"line":51,"column":4},"end":{"line":54,"column":null}},"25":{"start":{"line":52,"column":6},"end":{"line":52,"column":null}},"26":{"start":{"line":53,"column":6},"end":{"line":53,"column":null}},"27":{"start":{"line":57,"column":30},"end":{"line":66,"column":null}},"28":{"start":{"line":58,"column":4},"end":{"line":65,"column":null}},"29":{"start":{"line":59,"column":6},"end":{"line":59,"column":null}},"30":{"start":{"line":60,"column":6},"end":{"line":60,"column":null}},"31":{"start":{"line":61,"column":6},"end":{"line":61,"column":null}},"32":{"start":{"line":63,"column":6},"end":{"line":63,"column":null}},"33":{"start":{"line":64,"column":6},"end":{"line":64,"column":null}},"34":{"start":{"line":68,"column":2},"end":{"line":70,"column":null}},"35":{"start":{"line":69,"column":4},"end":{"line":69,"column":null}},"36":{"start":{"line":72,"column":2},"end":{"line":124,"column":null}},"37":{"start":{"line":81,"column":27},"end":{"line":81,"column":null}},"38":{"start":{"line":91,"column":29},"end":{"line":91,"column":null}},"39":{"start":{"line":96,"column":14},"end":{"line":96,"column":null}},"40":{"start":{"line":104,"column":10},"end":{"line":108,"column":null}},"41":{"start":{"line":120,"column":23},"end":{"line":120,"column":null}}},"fnMap":{"0":{"name":"Providers","decl":{"start":{"line":19,"column":24},"end":{"line":19,"column":36}},"loc":{"start":{"line":19,"column":36},"end":{"line":126,"column":null}},"line":19},"1":{"name":"(anonymous_1)","decl":{"start":{"line":30,"column":12},"end":{"line":30,"column":18}},"loc":{"start":{"line":30,"column":18},"end":{"line":47,"column":5}},"line":30},"2":{"name":"(anonymous_2)","decl":{"start":{"line":31,"column":27},"end":{"line":31,"column":39}},"loc":{"start":{"line":31,"column":39},"end":{"line":44,"column":null}},"line":31},"3":{"name":"(anonymous_3)","decl":{"start":{"line":49,"column":21},"end":{"line":49,"column":22}},"loc":{"start":{"line":49,"column":45},"end":{"line":55,"column":null}},"line":49},"4":{"name":"(anonymous_4)","decl":{"start":{"line":50,"column":36},"end":{"line":50,"column":41}},"loc":{"start":{"line":50,"column":41},"end":{"line":50,"column":60}},"line":50},"5":{"name":"(anonymous_5)","decl":{"start":{"line":57,"column":30},"end":{"line":57,"column":37}},"loc":{"start":{"line":57,"column":58},"end":{"line":66,"column":null}},"line":57},"6":{"name":"(anonymous_6)","decl":{"start":{"line":81,"column":20},"end":{"line":81,"column":21}},"loc":{"start":{"line":81,"column":27},"end":{"line":81,"column":null}},"line":81},"7":{"name":"(anonymous_7)","decl":{"start":{"line":91,"column":22},"end":{"line":91,"column":23}},"loc":{"start":{"line":91,"column":29},"end":{"line":91,"column":null}},"line":91},"8":{"name":"(anonymous_8)","decl":{"start":{"line":95,"column":28},"end":{"line":95,"column":null}},"loc":{"start":{"line":96,"column":14},"end":{"line":96,"column":null}},"line":96},"9":{"name":"(anonymous_9)","decl":{"start":{"line":103,"column":23},"end":{"line":103,"column":24}},"loc":{"start":{"line":104,"column":10},"end":{"line":108,"column":null}},"line":104},"10":{"name":"(anonymous_10)","decl":{"start":{"line":120,"column":17},"end":{"line":120,"column":23}},"loc":{"start":{"line":120,"column":23},"end":{"line":120,"column":null}},"line":120}},"branchMap":{"0":{"loc":{"start":{"line":34,"column":8},"end":{"line":34,"column":null}},"type":"if","locations":[{"start":{"line":34,"column":8},"end":{"line":34,"column":null}},{"start":{},"end":{}}],"line":34},"1":{"loc":{"start":{"line":35,"column":8},"end":{"line":35,"column":null}},"type":"if","locations":[{"start":{"line":35,"column":8},"end":{"line":35,"column":null}},{"start":{},"end":{}}],"line":35},"2":{"loc":{"start":{"line":51,"column":4},"end":{"line":54,"column":null}},"type":"if","locations":[{"start":{"line":51,"column":4},"end":{"line":54,"column":null}},{"start":{},"end":{}}],"line":51},"3":{"loc":{"start":{"line":68,"column":2},"end":{"line":70,"column":null}},"type":"if","locations":[{"start":{"line":68,"column":2},"end":{"line":70,"column":null}},{"start":{},"end":{}}],"line":68},"4":{"loc":{"start":{"line":112,"column":7},"end":{"line":115,"column":null}},"type":"binary-expr","locations":[{"start":{"line":112,"column":7},"end":{"line":112,"column":null}},{"start":{"line":113,"column":8},"end":{"line":115,"column":null}}],"line":112}},"s":{"0":0,"1":0,"2":0,"3":0,"4":0,"5":0,"6":0,"7":0,"8":0,"9":0,"10":0,"11":0,"12":0,"13":0,"14":0,"15":0,"16":0,"17":0,"18":0,"19":0,"20":0,"21":0,"22":0,"23":0,"24":0,"25":0,"26":0,"27":0,"28":0,"29":0,"30":0,"31":0,"32":0,"33":0,"34":0,"35":0,"36":0,"37":0,"38":0,"39":0,"40":0,"41":0},"f":{"0":0,"1":0,"2":0,"3":0,"4":0,"5":0,"6":0,"7":0,"8":0,"9":0,"10":0},"b":{"0":[0,0],"1":[0,0],"2":[0,0],"3":[0,0],"4":[0,0]},"meta":{"lastBranch":5,"lastFunction":11,"lastStatement":42,"seen":{"f:19:24:19:36":0,"s:20:32:20:Infinity":0,"s:21:28:21:Infinity":1,"s:22:34:22:Infinity":2,"s:23:46:23:Infinity":3,"s:24:46:24:Infinity":4,"s:25:46:25:Infinity":5,"s:26:8:26:Infinity":6,"s:28:21:28:Infinity":7,"s:30:2:47:Infinity":8,"f:30:12:30:18":1,"s:31:27:44:Infinity":9,"f:31:27:31:39":2,"s:32:6:43:Infinity":10,"s:33:23:33:Infinity":11,"b:34:8:34:Infinity:undefined:undefined:undefined:undefined":0,"s:34:8:34:Infinity":12,"s:34:30:34:Infinity":13,"b:35:8:35:Infinity:undefined:undefined:undefined:undefined":1,"s:35:8:35:Infinity":14,"s:35:24:35:Infinity":15,"s:37:25:37:Infinity":16,"s:38:8:38:Infinity":17,"s:40:8:40:Infinity":18,"s:42:8:42:Infinity":19,"s:46:4:46:Infinity":20,"s:49:21:55:Infinity":21,"f:49:21:49:22":3,"s:50:21:50:Infinity":22,"f:50:36:50:41":4,"s:50:41:50:60":23,"b:51:4:54:Infinity:undefined:undefined:undefined:undefined":2,"s:51:4:54:Infinity":24,"s:52:6:52:Infinity":25,"s:53:6:53:Infinity":26,"s:57:30:66:Infinity":27,"f:57:30:57:37":5,"s:58:4:65:Infinity":28,"s:59:6:59:Infinity":29,"s:60:6:60:Infinity":30,"s:61:6:61:Infinity":31,"s:63:6:63:Infinity":32,"s:64:6:64:Infinity":33,"b:68:2:70:Infinity:undefined:undefined:undefined:undefined":3,"s:68:2:70:Infinity":34,"s:69:4:69:Infinity":35,"s:72:2:124:Infinity":36,"f:81:20:81:21":6,"s:81:27:81:Infinity":37,"f:91:22:91:23":7,"s:91:29:91:Infinity":38,"f:95:28:95:Infinity":8,"s:96:14:96:Infinity":39,"f:103:23:103:24":9,"s:104:10:108:Infinity":40,"b:112:7:112:Infinity:113:8:115:Infinity":4,"f:120:17:120:23":10,"s:120:23:120:Infinity":41}}}
,"/home/michelle-kamau/Desktop/Phase5/Joblink/JOB-LINK/frontend/src/pages/Register.tsx": {"path":"/home/michelle-kamau/Desktop/Phase5/Joblink/JOB-LINK/frontend/src/pages/Register.tsx","statementMap":{"0":{"start":{"line":8,"column":30},"end":{"line":14,"column":null}},"1":{"start":{"line":15,"column":24},"end":{"line":15,"column":null}},"2":{"start":{"line":16,"column":28},"end":{"line":16,"column":null}},"3":{"start":{"line":17,"column":8},"end":{"line":17,"column":null}},"4":{"start":{"line":19,"column":23},"end":{"line":38,"column":null}},"5":{"start":{"line":20,"column":4},"end":{"line":20,"column":null}},"6":{"start":{"line":22,"column":4},"end":{"line":25,"column":null}},"7":{"start":{"line":23,"column":6},"end":{"line":23,"column":null}},"8":{"start":{"line":24,"column":6},"end":{"line":24,"column":null}},"9":{"start":{"line":27,"column":4},"end":{"line":27,"column":null}},"10":{"start":{"line":28,"column":4},"end":{"line":28,"column":null}},"11":{"start":{"line":30,"column":4},"end":{"line":37,"column":null}},"12":{"start":{"line":31,"column":6},"end":{"line":31,"column":null}},"13":{"start":{"line":32,"column":6},"end":{"line":32,"column":null}},"14":{"start":{"line":34,"column":6},"end":{"line":34,"column":null}},"15":{"start":{"line":36,"column":6},"end":{"line":36,"column":null}},"16":{"start":{"line":40,"column":2},"end":{"line":114,"column":null}},"17":{"start":{"line":66,"column":31},"end":{"line":66,"column":null}},"18":{"start":{"line":74,"column":31},"end":{"line":74,"column":null}},"19":{"start":{"line":84,"column":33},"end":{"line":84,"column":null}},"20":{"start":{"line":96,"column":31},"end":{"line":96,"column":null}},"21":{"start":{"line":104,"column":31},"end":{"line":104,"column":null}}},"fnMap":{"0":{"name":"Register","decl":{"start":{"line":7,"column":24},"end":{"line":7,"column":35}},"loc":{"start":{"line":7,"column":35},"end":{"line":116,"column":null}},"line":7},"1":{"name":"(anonymous_1)","decl":{"start":{"line":19,"column":23},"end":{"line":19,"column":30}},"loc":{"start":{"line":19,"column":53},"end":{"line":38,"column":null}},"line":19},"2":{"name":"(anonymous_2)","decl":{"start":{"line":66,"column":24},"end":{"line":66,"column":25}},"loc":{"start":{"line":66,"column":31},"end":{"line":66,"column":null}},"line":66},"3":{"name":"(anonymous_3)","decl":{"start":{"line":74,"column":24},"end":{"line":74,"column":25}},"loc":{"start":{"line":74,"column":31},"end":{"line":74,"column":null}},"line":74},"4":{"name":"(anonymous_4)","decl":{"start":{"line":84,"column":26},"end":{"line":84,"column":27}},"loc":{"start":{"line":84,"column":33},"end":{"line":84,"column":null}},"line":84},"5":{"name":"(anonymous_5)","decl":{"start":{"line":96,"column":24},"end":{"line":96,"column":25}},"loc":{"start":{"line":96,"column":31},"end":{"line":96,"column":null}},"line":96},"6":{"name":"(anonymous_6)","decl":{"start":{"line":104,"column":24},"end":{"line":104,"column":25}},"loc":{"start":{"line":104,"column":31},"end":{"line":104,"column":null}},"line":104}},"branchMap":{"0":{"loc":{"start":{"line":22,"column":4},"end":{"line":25,"column":null}},"type":"if","locations":[{"start":{"line":22,"column":4},"end":{"line":25,"column":null}},{"start":{},"end":{}}],"line":22},"1":{"loc":{"start":{"line":34,"column":15},"end":{"line":34,"column":67}},"type":"binary-expr","locations":[{"start":{"line":34,"column":15},"end":{"line":34,"column":46}},{"start":{"line":34,"column":46},"end":{"line":34,"column":67}}],"line":34},"2":{"loc":{"start":{"line":56,"column":11},"end":{"line":59,"column":null}},"type":"binary-expr","locations":[{"start":{"line":56,"column":11},"end":{"line":56,"column":null}},{"start":{"line":57,"column":12},"end":{"line":59,"column":null}}],"line":56},"3":{"loc":{"start":{"line":110,"column":13},"end":{"line":110,"column":null}},"type":"cond-expr","locations":[{"start":{"line":110,"column":23},"end":{"line":110,"column":47}},{"start":{"line":110,"column":47},"end":{"line":110,"column":null}}],"line":110}},"s":{"0":0,"1":0,"2":0,"3":0,"4":0,"5":0,"6":0,"7":0,"8":0,"9":0,"10":0,"11":0,"12":0,"13":0,"14":0,"15":0,"16":0,"17":0,"18":0,"19":0,"20":0,"21":0},"f":{"0":0,"1":0,"2":0,"3":0,"4":0,"5":0,"6":0},"b":{"0":[0,0],"1":[0,0],"2":[0,0],"3":[0,0]},"meta":{"lastBranch":4,"lastFunction":7,"lastStatement":22,"seen":{"f:7:24:7:35":0,"s:8:30:14:Infinity":0,"s:15:24:15:Infinity":1,"s:16:28:16:Infinity":2,"s:17:8:17:Infinity":3,"s:19:23:38:Infinity":4,"f:19:23:19:30":1,"s:20:4:20:Infinity":5,"b:22:4:25:Infinity:undefined:undefined:undefined:undefined":0,"s:22:4:25:Infinity":6,"s:23:6:23:Infinity":7,"s:24:6:24:Infinity":8,"s:27:4:27:Infinity":9,"s:28:4:28:Infinity":10,"s:30:4:37:Infinity":11,"s:31:6:31:Infinity":12,"s:32:6:32:Infinity":13,"s:34:6:34:Infinity":14,"b:34:15:34:46:34:46:34:67":1,"s:36:6:36:Infinity":15,"s:40:2:114:Infinity":16,"b:56:11:56:Infinity:57:12:59:Infinity":2,"f:66:24:66:25":2,"s:66:31:66:Infinity":17,"f:74:24:74:25":3,"s:74:31:74:Infinity":18,"f:84:26:84:27":4,"s:84:33:84:Infinity":19,"f:96:24:96:25":5,"s:96:31:96:Infinity":20,"f:104:24:104:25":6,"s:104:31:104:Infinity":21,"b:110:23:110:47:110:47:110:Infinity":3}}}
,"/home/michelle-kamau/Desktop/Phase5/Joblink/JOB-LINK/frontend/src/services/authService.ts": {"path":"/home/michelle-kamau/Desktop/Phase5/Joblink/JOB-LINK/frontend/src/services/authService.ts","statementMap":{"0":{"start":{"line":3,"column":16},"end":{"line":3,"column":null}},"1":{"start":{"line":5,"column":12},"end":{"line":7,"column":null}},"2":{"start":{"line":9,"column":0},"end":{"line":15,"column":null}},"3":{"start":{"line":10,"column":16},"end":{"line":10,"column":null}},"4":{"start":{"line":11,"column":2},"end":{"line":13,"column":null}},"5":{"start":{"line":12,"column":4},"end":{"line":12,"column":null}},"6":{"start":{"line":14,"column":2},"end":{"line":14,"column":null}},"7":{"start":{"line":17,"column":27},"end":{"line":32,"column":null}},"8":{"start":{"line":19,"column":21},"end":{"line":19,"column":null}},"9":{"start":{"line":20,"column":4},"end":{"line":20,"column":null}},"10":{"start":{"line":24,"column":21},"end":{"line":24,"column":null}},"11":{"start":{"line":25,"column":4},"end":{"line":25,"column":null}},"12":{"start":{"line":29,"column":21},"end":{"line":29,"column":null}},"13":{"start":{"line":30,"column":4},"end":{"line":30,"column":null}}},"fnMap":{"0":{"name":"(anonymous_0)","decl":{"start":{"line":9,"column":29},"end":{"line":9,"column":30}},"loc":{"start":{"line":9,"column":41},"end":{"line":15,"column":1}},"line":9},"1":{"name":"(anonymous_1)","decl":{"start":{"line":18,"column":8},"end":{"line":18,"column":14}},"loc":{"start":{"line":18,"column":47},"end":{"line":21,"column":null}},"line":18},"2":{"name":"(anonymous_2)","decl":{"start":{"line":23,"column":8},"end":{"line":23,"column":25}},"loc":{"start":{"line":23,"column":25},"end":{"line":26,"column":null}},"line":23},"3":{"name":"(anonymous_3)","decl":{"start":{"line":28,"column":8},"end":{"line":28,"column":17}},"loc":{"start":{"line":28,"column":32},"end":{"line":31,"column":null}},"line":28}},"branchMap":{"0":{"loc":{"start":{"line":11,"column":2},"end":{"line":13,"column":null}},"type":"if","locations":[{"start":{"line":11,"column":2},"end":{"line":13,"column":null}},{"start":{},"end":{}}],"line":11}},"s":{"0":1,"1":1,"2":1,"3":0,"4":0,"5":0,"6":0,"7":1,"8":0,"9":0,"10":0,"11":0,"12":0,"13":0},"f":{"0":0,"1":0,"2":0,"3":0},"b":{"0":[0,0]},"meta":{"lastBranch":1,"lastFunction":4,"lastStatement":14,"seen":{"s:3:16:3:Infinity":0,"s:5:12:7:Infinity":1,"s:9:0:15:Infinity":2,"f:9:29:9:30":0,"s:10:16:10:Infinity":3,"b:11:2:13:Infinity:undefined:undefined:undefined:undefined":0,"s:11:2:13:Infinity":4,"s:12:4:12:Infinity":5,"s:14:2:14:Infinity":6,"s:17:27:32:Infinity":7,"f:18:8:18:14":1,"s:19:21:19:Infinity":8,"s:20:4:20:Infinity":9,"f:23:8:23:25":2,"s:24:21:24:Infinity":10,"s:25:4:25:Infinity":11,"f:28:8:28:17":3,"s:29:21:29:Infinity":12,"s:30:4:30:Infinity":13}}}
}
