{"/home/michelle-kamau/Desktop/Phase5/Joblink/JOB-LINK/frontend/src/App.tsx": {"path":"/home/michelle-kamau/Desktop/Phase5/Joblink/JOB-LINK/frontend/src/App.tsx","statementMap":{"0":{"start":{"line":9,"column":2},"end":{"line":20,"column":null}}},"fnMap":{"0":{"name":"App","decl":{"start":{"line":8,"column":9},"end":{"line":8,"column":15}},"loc":{"start":{"line":8,"column":15},"end":{"line":22,"column":null}},"line":8}},"branchMap":{},"s":{"0":1},"f":{"0":1},"b":{},"meta":{"lastBranch":0,"lastFunction":1,"lastStatement":1,"seen":{"f:8:9:8:15":0,"s:9:2:20:Infinity":0}}}
,"/home/michelle-kamau/Desktop/Phase5/Joblink/JOB-LINK/frontend/src/components/Navbar.tsx": {"path":"/home/michelle-kamau/Desktop/Phase5/Joblink/JOB-LINK/frontend/src/components/Navbar.tsx","statementMap":{"0":{"start":{"line":3,"column":15},"end":{"line":29,"column":null}},"1":{"start":{"line":4,"column":2},"end":{"line":27,"column":null}}},"fnMap":{"0":{"name":"(anonymous_0)","decl":{"start":{"line":3,"column":15},"end":{"line":3,"column":21}},"loc":{"start":{"line":3,"column":21},"end":{"line":29,"column":null}},"line":3}},"branchMap":{},"s":{"0":1,"1":1},"f":{"0":1},"b":{},"meta":{"lastBranch":0,"lastFunction":1,"lastStatement":2,"seen":{"s:3:15:29:Infinity":0,"f:3:15:3:21":0,"s:4:2:27:Infinity":1}}}
,"/home/michelle-kamau/Desktop/Phase5/Joblink/JOB-LINK/frontend/src/pages/About.tsx": {"path":"/home/michelle-kamau/Desktop/Phase5/Joblink/JOB-LINK/frontend/src/pages/About.tsx","statementMap":{"0":{"start":{"line":1,"column":14},"end":{"line":16,"column":null}},"1":{"start":{"line":2,"column":2},"end":{"line":14,"column":null}}},"fnMap":{"0":{"name":"(anonymous_0)","decl":{"start":{"line":1,"column":14},"end":{"line":1,"column":20}},"loc":{"start":{"line":1,"column":20},"end":{"line":16,"column":null}},"line":1}},"branchMap":{},"s":{"0":1,"1":0},"f":{"0":0},"b":{},"meta":{"lastBranch":0,"lastFunction":1,"lastStatement":2,"seen":{"s:1:14:16:Infinity":0,"f:1:14:1:20":0,"s:2:2:14:Infinity":1}}}
,"/home/michelle-kamau/Desktop/Phase5/Joblink/JOB-LINK/frontend/src/pages/Contact.tsx": {"path":"/home/michelle-kamau/Desktop/Phase5/Joblink/JOB-LINK/frontend/src/pages/Contact.tsx","statementMap":{"0":{"start":{"line":1,"column":16},"end":{"line":44,"column":null}},"1":{"start":{"line":2,"column":2},"end":{"line":42,"column":null}}},"fnMap":{"0":{"name":"(anonymous_0)","decl":{"start":{"line":1,"column":16},"end":{"line":1,"column":22}},"loc":{"start":{"line":1,"column":22},"end":{"line":44,"column":null}},"line":1}},"branchMap":{},"s":{"0":1,"1":0},"f":{"0":0},"b":{},"meta":{"lastBranch":0,"lastFunction":1,"lastStatement":2,"seen":{"s:1:16:44:Infinity":0,"f:1:16:1:22":0,"s:2:2:42:Infinity":1}}}
,"/home/michelle-kamau/Desktop/Phase5/Joblink/JOB-LINK/frontend/src/pages/Home.tsx": {"path":"/home/michelle-kamau/Desktop/Phase5/Joblink/JOB-LINK/frontend/src/pages/Home.tsx","statementMap":{"0":{"start":{"line":1,"column":13},"end":{"line":17,"column":null}},"1":{"start":{"line":2,"column":2},"end":{"line":15,"column":null}}},"fnMap":{"0":{"name":"(anonymous_0)","decl":{"start":{"line":1,"column":13},"end":{"line":1,"column":19}},"loc":{"start":{"line":1,"column":19},"end":{"line":17,"column":null}},"line":1}},"branchMap":{},"s":{"0":1,"1":1},"f":{"0":1},"b":{},"meta":{"lastBranch":0,"lastFunction":1,"lastStatement":2,"seen":{"s:1:13:17:Infinity":0,"f:1:13:1:19":0,"s:2:2:15:Infinity":1}}}
,"/home/michelle-kamau/Desktop/Phase5/Joblink/JOB-LINK/frontend/src/pages/Services.tsx": {"path":"/home/michelle-kamau/Desktop/Phase5/Joblink/JOB-LINK/frontend/src/pages/Services.tsx","statementMap":{"0":{"start":{"line":1,"column":17},"end":{"line":22,"column":null}},"1":{"start":{"line":2,"column":19},"end":{"line":7,"column":null}},"2":{"start":{"line":9,"column":2},"end":{"line":20,"column":null}},"3":{"start":{"line":14,"column":10},"end":{"line":17,"column":null}}},"fnMap":{"0":{"name":"(anonymous_0)","decl":{"start":{"line":1,"column":17},"end":{"line":1,"column":23}},"loc":{"start":{"line":1,"column":23},"end":{"line":22,"column":null}},"line":1},"1":{"name":"(anonymous_1)","decl":{"start":{"line":13,"column":22},"end":{"line":13,"column":23}},"loc":{"start":{"line":14,"column":10},"end":{"line":17,"column":null}},"line":14}},"branchMap":{},"s":{"0":1,"1":0,"2":0,"3":0},"f":{"0":0,"1":0},"b":{},"meta":{"lastBranch":0,"lastFunction":2,"lastStatement":4,"seen":{"s:1:17:22:Infinity":0,"f:1:17:1:23":0,"s:2:19:7:Infinity":1,"s:9:2:20:Infinity":2,"f:13:22:13:23":1,"s:14:10:17:Infinity":3}}}
}
